<?xml version="1.0" encoding="UTF-8"?>
<!-- Generated by org.testng.reporters.JUnitXMLReporter -->
<testsuite ignored="0" hostname="DESKTOP-G25F7V2" failures="0" tests="4" name="Test" time="10.159" errors="0" timestamp="2023-08-28T22:07:05 IST">
  <testcase classname="api.test.Usertests2" name="testpostuser" time="4.219"/>
  <testcase classname="api.test.Usertests2" name="testgetuser" time="1.743"/>
  <testcase classname="api.test.Usertests2" name="testupdateuser" time="1.609"/>
  <testcase classname="api.test.Usertests2" name="testdeleteuser" time="1.62"/>
</testsuite> <!-- Test -->
