<?xml version="1.0" encoding="UTF-8"?>
<testng-results ignored="0" total="4" passed="4" failed="0" skipped="0">
  <reporter-output>
  </reporter-output>
  <suite started-at="2023-08-28T22:06:54 IST" name="Suite" finished-at="2023-08-28T22:07:05 IST" duration-ms="10159">
    <groups>
    </groups>
    <test started-at="2023-08-28T22:06:54 IST" name="Test" finished-at="2023-08-28T22:07:05 IST" duration-ms="10159">
      <class name="api.test.Usertests2">
        <test-method is-config="true" signature="setupdata()[pri:0, instance:api.test.Usertests2@10e31a9a]" started-at="2023-08-28T22:06:55 IST" name="setupdata" finished-at="2023-08-28T22:06:55 IST" duration-ms="692" status="PASS">
          <reporter-output>
          </reporter-output>
        </test-method> <!-- setupdata -->
        <test-method signature="testpostuser()[pri:1, instance:api.test.Usertests2@10e31a9a]" started-at="2023-08-28T22:06:55 IST" name="testpostuser" finished-at="2023-08-28T22:07:00 IST" duration-ms="4219" status="PASS">
          <reporter-output>
          </reporter-output>
        </test-method> <!-- testpostuser -->
        <test-method signature="testgetuser()[pri:2, instance:api.test.Usertests2@10e31a9a]" started-at="2023-08-28T22:07:00 IST" name="testgetuser" finished-at="2023-08-28T22:07:01 IST" duration-ms="1743" status="PASS">
          <reporter-output>
          </reporter-output>
        </test-method> <!-- testgetuser -->
        <test-method signature="testupdateuser()[pri:3, instance:api.test.Usertests2@10e31a9a]" started-at="2023-08-28T22:07:01 IST" name="testupdateuser" finished-at="2023-08-28T22:07:03 IST" duration-ms="1609" status="PASS">
          <reporter-output>
          </reporter-output>
        </test-method> <!-- testupdateuser -->
        <test-method signature="testdeleteuser()[pri:4, instance:api.test.Usertests2@10e31a9a]" started-at="2023-08-28T22:07:03 IST" name="testdeleteuser" finished-at="2023-08-28T22:07:05 IST" duration-ms="1620" status="PASS">
          <reporter-output>
          </reporter-output>
        </test-method> <!-- testdeleteuser -->
      </class> <!-- api.test.Usertests2 -->
    </test> <!-- Test -->
  </suite> <!-- Suite -->
</testng-results>
